[1.108s] Invoking command in '/home/sahin/ros2_ws/build/my_py_pkg': DEBUGINFOD_URLS=https://debuginfod.ubuntu.com PYTHONPATH=/home/sahin/ros2_ws/build/my_py_pkg/prefix_override:/usr/lib/python3/dist-packages/colcon_core/task/python/colcon_distutils_commands:/home/sahin/ros2_ws/install/my_py_pkg/lib/python3.12/site-packages:${PYTHONPATH} /usr/bin/python3 -W ignore:setup.py install is deprecated -W ignore:easy_install command is deprecated setup.py develop --uninstall --editable --build-directory /home/sahin/ros2_ws/build/my_py_pkg/build
[1.476s] running develop
[1.676s] Removing /home/sahin/ros2_ws/install/my_py_pkg/lib/python3.12/site-packages/my-py-pkg.egg-link (link to .)
[1.735s] Invoked command in '/home/sahin/ros2_ws/build/my_py_pkg' returned '0': DEBUGINFOD_URLS=https://debuginfod.ubuntu.com PYTHONPATH=/home/sahin/ros2_ws/build/my_py_pkg/prefix_override:/usr/lib/python3/dist-packages/colcon_core/task/python/colcon_distutils_commands:/home/sahin/ros2_ws/install/my_py_pkg/lib/python3.12/site-packages:${PYTHONPATH} /usr/bin/python3 -W ignore:setup.py install is deprecated -W ignore:easy_install command is deprecated setup.py develop --uninstall --editable --build-directory /home/sahin/ros2_ws/build/my_py_pkg/build
[1.736s] Invoking command in '/home/sahin/ros2_ws/src/my_py_pkg': DEBUGINFOD_URLS=https://debuginfod.ubuntu.com PYTHONPATH=/home/sahin/ros2_ws/build/my_py_pkg/prefix_override:/usr/lib/python3/dist-packages/colcon_core/task/python/colcon_distutils_commands:/home/sahin/ros2_ws/install/my_py_pkg/lib/python3.12/site-packages:${PYTHONPATH} /usr/bin/python3 -W ignore:setup.py install is deprecated -W ignore:easy_install command is deprecated setup.py egg_info --egg-base ../../build/my_py_pkg build --build-base /home/sahin/ros2_ws/build/my_py_pkg/build install --record /home/sahin/ros2_ws/build/my_py_pkg/install.log --single-version-externally-managed install_data --force
[2.107s] running egg_info
[2.137s] writing ../../build/my_py_pkg/my_py_pkg.egg-info/PKG-INFO
[2.138s] writing dependency_links to ../../build/my_py_pkg/my_py_pkg.egg-info/dependency_links.txt
[2.138s] writing entry points to ../../build/my_py_pkg/my_py_pkg.egg-info/entry_points.txt
[2.138s] writing requirements to ../../build/my_py_pkg/my_py_pkg.egg-info/requires.txt
[2.138s] writing top-level names to ../../build/my_py_pkg/my_py_pkg.egg-info/top_level.txt
[2.177s] reading manifest file '../../build/my_py_pkg/my_py_pkg.egg-info/SOURCES.txt'
[2.180s] writing manifest file '../../build/my_py_pkg/my_py_pkg.egg-info/SOURCES.txt'
[2.182s] running build
[2.182s] running build_py
[2.183s] copying my_py_pkg/robot_news_station.py -> /home/sahin/ros2_ws/build/my_py_pkg/build/lib/my_py_pkg
[2.183s] copying my_py_pkg/my_first_node.py -> /home/sahin/ros2_ws/build/my_py_pkg/build/lib/my_py_pkg
[2.184s] running install
[2.193s] running install_lib
[2.217s] creating /home/sahin/ros2_ws/install/my_py_pkg/lib/python3.12/site-packages/my_py_pkg
[2.221s] copying /home/sahin/ros2_ws/build/my_py_pkg/build/lib/my_py_pkg/__init__.py -> /home/sahin/ros2_ws/install/my_py_pkg/lib/python3.12/site-packages/my_py_pkg
[2.221s] copying /home/sahin/ros2_ws/build/my_py_pkg/build/lib/my_py_pkg/template.py -> /home/sahin/ros2_ws/install/my_py_pkg/lib/python3.12/site-packages/my_py_pkg
[2.221s] copying /home/sahin/ros2_ws/build/my_py_pkg/build/lib/my_py_pkg/robot_news_station.py -> /home/sahin/ros2_ws/install/my_py_pkg/lib/python3.12/site-packages/my_py_pkg
[2.221s] copying /home/sahin/ros2_ws/build/my_py_pkg/build/lib/my_py_pkg/my_first_node.py -> /home/sahin/ros2_ws/install/my_py_pkg/lib/python3.12/site-packages/my_py_pkg
[2.221s] byte-compiling /home/sahin/ros2_ws/install/my_py_pkg/lib/python3.12/site-packages/my_py_pkg/__init__.py to __init__.cpython-312.pyc
[2.221s] byte-compiling /home/sahin/ros2_ws/install/my_py_pkg/lib/python3.12/site-packages/my_py_pkg/template.py to template.cpython-312.pyc
[2.221s] byte-compiling /home/sahin/ros2_ws/install/my_py_pkg/lib/python3.12/site-packages/my_py_pkg/robot_news_station.py to robot_news_station.cpython-312.pyc
[2.221s] byte-compiling /home/sahin/ros2_ws/install/my_py_pkg/lib/python3.12/site-packages/my_py_pkg/my_first_node.py to my_first_node.cpython-312.pyc
[2.221s] running install_data
[2.221s] copying resource/my_py_pkg -> /home/sahin/ros2_ws/install/my_py_pkg/share/ament_index/resource_index/packages
[2.221s] copying package.xml -> /home/sahin/ros2_ws/install/my_py_pkg/share/my_py_pkg
[2.221s] running install_egg_info
[2.249s] Copying ../../build/my_py_pkg/my_py_pkg.egg-info to /home/sahin/ros2_ws/install/my_py_pkg/lib/python3.12/site-packages/my_py_pkg-0.0.0-py3.12.egg-info
[2.283s] running install_scripts
[2.572s] Installing py_node script to /home/sahin/ros2_ws/install/my_py_pkg/lib/my_py_pkg
[2.572s] Installing robot_news_station script to /home/sahin/ros2_ws/install/my_py_pkg/lib/my_py_pkg
[2.583s] writing list of installed files to '/home/sahin/ros2_ws/build/my_py_pkg/install.log'
[2.707s] Invoked command in '/home/sahin/ros2_ws/src/my_py_pkg' returned '0': DEBUGINFOD_URLS=https://debuginfod.ubuntu.com PYTHONPATH=/home/sahin/ros2_ws/build/my_py_pkg/prefix_override:/usr/lib/python3/dist-packages/colcon_core/task/python/colcon_distutils_commands:/home/sahin/ros2_ws/install/my_py_pkg/lib/python3.12/site-packages:${PYTHONPATH} /usr/bin/python3 -W ignore:setup.py install is deprecated -W ignore:easy_install command is deprecated setup.py egg_info --egg-base ../../build/my_py_pkg build --build-base /home/sahin/ros2_ws/build/my_py_pkg/build install --record /home/sahin/ros2_ws/build/my_py_pkg/install.log --single-version-externally-managed install_data --force
