[0.302s] Invoking command in '/home/sahin/ros2_ws/build/my_cpp_pkg': CMAKE_PREFIX_PATH=${CMAKE_PREFIX_PATH}:/home/sahin/ros2_ws/install/my_py_pkg:/opt/ros/jazzy DEBUGINFOD_URLS=https://debuginfod.ubuntu.com /usr/bin/cmake --build /home/sahin/ros2_ws/build/my_cpp_pkg -- -j2 -l2
[0.412s] [100%] Built target cpp_node
[0.428s] Invoked command in '/home/sahin/ros2_ws/build/my_cpp_pkg' returned '0': CMAKE_PREFIX_PATH=${CMAKE_PREFIX_PATH}:/home/sahin/ros2_ws/install/my_py_pkg:/opt/ros/jazzy DEBUGINFOD_URLS=https://debuginfod.ubuntu.com /usr/bin/cmake --build /home/sahin/ros2_ws/build/my_cpp_pkg -- -j2 -l2
[0.445s] Invoking command in '/home/sahin/ros2_ws/build/my_cpp_pkg': CMAKE_PREFIX_PATH=${CMAKE_PREFIX_PATH}:/home/sahin/ros2_ws/install/my_py_pkg:/opt/ros/jazzy DEBUGINFOD_URLS=https://debuginfod.ubuntu.com /usr/bin/cmake --install /home/sahin/ros2_ws/build/my_cpp_pkg
[0.460s] -- Install configuration: ""
[0.460s] -- Up-to-date: /home/sahin/ros2_ws/install/my_cpp_pkg/lib/my_cpp_pkg/cpp_node
[0.460s] -- Up-to-date: /home/sahin/ros2_ws/install/my_cpp_pkg/share/ament_index/resource_index/package_run_dependencies/my_cpp_pkg
[0.460s] -- Up-to-date: /home/sahin/ros2_ws/install/my_cpp_pkg/share/ament_index/resource_index/parent_prefix_path/my_cpp_pkg
[0.461s] -- Up-to-date: /home/sahin/ros2_ws/install/my_cpp_pkg/share/my_cpp_pkg/environment/ament_prefix_path.sh
[0.461s] -- Up-to-date: /home/sahin/ros2_ws/install/my_cpp_pkg/share/my_cpp_pkg/environment/ament_prefix_path.dsv
[0.461s] -- Up-to-date: /home/sahin/ros2_ws/install/my_cpp_pkg/share/my_cpp_pkg/environment/path.sh
[0.461s] -- Up-to-date: /home/sahin/ros2_ws/install/my_cpp_pkg/share/my_cpp_pkg/environment/path.dsv
[0.461s] -- Up-to-date: /home/sahin/ros2_ws/install/my_cpp_pkg/share/my_cpp_pkg/local_setup.bash
[0.461s] -- Up-to-date: /home/sahin/ros2_ws/install/my_cpp_pkg/share/my_cpp_pkg/local_setup.sh
[0.461s] -- Up-to-date: /home/sahin/ros2_ws/install/my_cpp_pkg/share/my_cpp_pkg/local_setup.zsh
[0.462s] -- Up-to-date: /home/sahin/ros2_ws/install/my_cpp_pkg/share/my_cpp_pkg/local_setup.dsv
[0.462s] -- Installing: /home/sahin/ros2_ws/install/my_cpp_pkg/share/my_cpp_pkg/package.dsv
[0.462s] -- Up-to-date: /home/sahin/ros2_ws/install/my_cpp_pkg/share/ament_index/resource_index/packages/my_cpp_pkg
[0.462s] -- Up-to-date: /home/sahin/ros2_ws/install/my_cpp_pkg/share/my_cpp_pkg/cmake/my_cpp_pkgConfig.cmake
[0.462s] -- Up-to-date: /home/sahin/ros2_ws/install/my_cpp_pkg/share/my_cpp_pkg/cmake/my_cpp_pkgConfig-version.cmake
[0.464s] -- Up-to-date: /home/sahin/ros2_ws/install/my_cpp_pkg/share/my_cpp_pkg/package.xml
[0.465s] Invoked command in '/home/sahin/ros2_ws/build/my_cpp_pkg' returned '0': CMAKE_PREFIX_PATH=${CMAKE_PREFIX_PATH}:/home/sahin/ros2_ws/install/my_py_pkg:/opt/ros/jazzy DEBUGINFOD_URLS=https://debuginfod.ubuntu.com /usr/bin/cmake --install /home/sahin/ros2_ws/build/my_cpp_pkg
