[0.888s] Invoking command in '/home/sahin/ros2_ws/src/my_py_pkg': DEBUGINFOD_URLS=https://debuginfod.ubuntu.com PYTHONPATH=/home/sahin/ros2_ws/build/my_py_pkg/prefix_override:/usr/lib/python3/dist-packages/colcon_core/task/python/colcon_distutils_commands:/home/sahin/ros2_ws/install/my_py_pkg/lib/python3.12/site-packages:${PYTHONPATH} /usr/bin/python3 -W ignore:setup.py install is deprecated -W ignore:easy_install command is deprecated setup.py egg_info --egg-base ../../build/my_py_pkg build --build-base /home/sahin/ros2_ws/build/my_py_pkg/build install --record /home/sahin/ros2_ws/build/my_py_pkg/install.log --single-version-externally-managed install_data
[1.171s] running egg_info
[1.173s] creating ../../build/my_py_pkg/my_py_pkg.egg-info
[1.190s] writing ../../build/my_py_pkg/my_py_pkg.egg-info/PKG-INFO
[1.191s] writing dependency_links to ../../build/my_py_pkg/my_py_pkg.egg-info/dependency_links.txt
[1.191s] writing requirements to ../../build/my_py_pkg/my_py_pkg.egg-info/requires.txt
[1.193s] writing top-level names to ../../build/my_py_pkg/my_py_pkg.egg-info/top_level.txt
[1.194s] writing manifest file '../../build/my_py_pkg/my_py_pkg.egg-info/SOURCES.txt'
[1.233s] reading manifest file '../../build/my_py_pkg/my_py_pkg.egg-info/SOURCES.txt'
[1.234s] writing manifest file '../../build/my_py_pkg/my_py_pkg.egg-info/SOURCES.txt'
[1.235s] running build
[1.235s] running build_py
[1.235s] creating /home/sahin/ros2_ws/build/my_py_pkg/build
[1.235s] creating /home/sahin/ros2_ws/build/my_py_pkg/build/lib
[1.235s] creating /home/sahin/ros2_ws/build/my_py_pkg/build/lib/my_py_pkg
[1.235s] copying my_py_pkg/__init__.py -> /home/sahin/ros2_ws/build/my_py_pkg/build/lib/my_py_pkg
[1.236s] running install
[1.242s] running install_lib
[1.262s] creating /home/sahin/ros2_ws/install/my_py_pkg/lib/python3.12/site-packages/my_py_pkg
[1.262s] copying /home/sahin/ros2_ws/build/my_py_pkg/build/lib/my_py_pkg/__init__.py -> /home/sahin/ros2_ws/install/my_py_pkg/lib/python3.12/site-packages/my_py_pkg
[1.263s] byte-compiling /home/sahin/ros2_ws/install/my_py_pkg/lib/python3.12/site-packages/my_py_pkg/__init__.py to __init__.cpython-312.pyc
[1.263s] running install_data
[1.263s] creating /home/sahin/ros2_ws/install/my_py_pkg/share/ament_index
[1.263s] creating /home/sahin/ros2_ws/install/my_py_pkg/share/ament_index/resource_index
[1.263s] creating /home/sahin/ros2_ws/install/my_py_pkg/share/ament_index/resource_index/packages
[1.264s] copying resource/my_py_pkg -> /home/sahin/ros2_ws/install/my_py_pkg/share/ament_index/resource_index/packages
[1.264s] copying package.xml -> /home/sahin/ros2_ws/install/my_py_pkg/share/my_py_pkg
[1.264s] running install_egg_info
[1.285s] Copying ../../build/my_py_pkg/my_py_pkg.egg-info to /home/sahin/ros2_ws/install/my_py_pkg/lib/python3.12/site-packages/my_py_pkg-0.0.0-py3.12.egg-info
[1.291s] running install_scripts
[1.423s] writing list of installed files to '/home/sahin/ros2_ws/build/my_py_pkg/install.log'
[1.465s] Invoked command in '/home/sahin/ros2_ws/src/my_py_pkg' returned '0': DEBUGINFOD_URLS=https://debuginfod.ubuntu.com PYTHONPATH=/home/sahin/ros2_ws/build/my_py_pkg/prefix_override:/usr/lib/python3/dist-packages/colcon_core/task/python/colcon_distutils_commands:/home/sahin/ros2_ws/install/my_py_pkg/lib/python3.12/site-packages:${PYTHONPATH} /usr/bin/python3 -W ignore:setup.py install is deprecated -W ignore:easy_install command is deprecated setup.py egg_info --egg-base ../../build/my_py_pkg build --build-base /home/sahin/ros2_ws/build/my_py_pkg/build install --record /home/sahin/ros2_ws/build/my_py_pkg/install.log --single-version-externally-managed install_data
